[0m11:16:26.046547 [debug] [MainThread]: Sending event: {'category': 'dbt', 'action': 'invocation', 'label': 'start', 'context': [<snowplow_tracker.self_describing_json.SelfDescribingJson object at 0x0000026A44026360>, <snowplow_tracker.self_describing_json.SelfDescribingJson object at 0x0000026A44026450>, <snowplow_tracker.self_describing_json.SelfDescribingJson object at 0x0000026A44026480>]}


============================== 11:16:26.046547 | 2ca87732-0561-495f-9f6c-79ce292d607b ==============================
[0m11:16:26.046547 [info ] [MainThread]: Running with dbt=1.7.10
[0m11:16:26.046547 [debug] [MainThread]: running dbt with arguments {'printer_width': '80', 'indirect_selection': 'eager', 'write_json': 'True', 'log_cache_events': 'False', 'partial_parse': 'True', 'cache_selected_only': 'False', 'profiles_dir': 'C:\\Users\\nbensaid\\.dbt', 'fail_fast': 'False', 'warn_error': 'None', 'log_path': 'logs', 'version_check': 'True', 'debug': 'False', 'use_colors': 'True', 'use_experimental_parser': 'False', 'no_print': 'None', 'quiet': 'False', 'log_format': 'default', 'invocation_command': 'dbt debug', 'introspect': 'True', 'static_parser': 'True', 'target_path': 'None', 'warn_error_options': 'WarnErrorOptions(include=[], exclude=[])', 'send_anonymous_usage_stats': 'True'}
[0m11:16:26.046547 [info ] [MainThread]: dbt version: 1.7.10
[0m11:16:26.046547 [info ] [MainThread]: python version: 3.12.2
[0m11:16:26.046547 [info ] [MainThread]: python path: C:\Users\nbensaid\AppData\Local\Programs\Python\Python312\python.exe
[0m11:16:26.046547 [info ] [MainThread]: os info: Windows-10-10.0.19045-SP0
[0m11:16:26.046547 [info ] [MainThread]: Using profiles dir at C:\Users\nbensaid\.dbt
[0m11:16:26.046547 [info ] [MainThread]: Using profiles.yml file at C:\Users\nbensaid\.dbt\profiles.yml
[0m11:16:26.046547 [info ] [MainThread]: Using dbt_project.yml file at C:\Users\nbensaid\workspace\modern_wh\dbt_project.yml
[0m11:16:26.046547 [info ] [MainThread]: Configuration:
[0m11:16:26.046547 [info ] [MainThread]:   profiles.yml file [[31mERROR not found[0m]
[0m11:16:26.046547 [info ] [MainThread]:   dbt_project.yml file [[31mERROR not found[0m]
[0m11:16:26.058109 [info ] [MainThread]: Required dependencies:
[0m11:16:26.059116 [debug] [MainThread]: Executing "git --help"
[0m11:16:26.125095 [debug] [MainThread]: STDOUT: "b"usage: git [-v | --version] [-h | --help] [-C <path>] [-c <name>=<value>]\n           [--exec-path[=<path>]] [--html-path] [--man-path] [--info-path]\n           [-p | --paginate | -P | --no-pager] [--no-replace-objects] [--bare]\n           [--git-dir=<path>] [--work-tree=<path>] [--namespace=<name>]\n           [--config-env=<name>=<envvar>] <command> [<args>]\n\nThese are common Git commands used in various situations:\n\nstart a working area (see also: git help tutorial)\n   clone     Clone a repository into a new directory\n   init      Create an empty Git repository or reinitialize an existing one\n\nwork on the current change (see also: git help everyday)\n   add       Add file contents to the index\n   mv        Move or rename a file, a directory, or a symlink\n   restore   Restore working tree files\n   rm        Remove files from the working tree and from the index\n\nexamine the history and state (see also: git help revisions)\n   bisect    Use binary search to find the commit that introduced a bug\n   diff      Show changes between commits, commit and working tree, etc\n   grep      Print lines matching a pattern\n   log       Show commit logs\n   show      Show various types of objects\n   status    Show the working tree status\n\ngrow, mark and tweak your common history\n   branch    List, create, or delete branches\n   commit    Record changes to the repository\n   merge     Join two or more development histories together\n   rebase    Reapply commits on top of another base tip\n   reset     Reset current HEAD to the specified state\n   switch    Switch branches\n   tag       Create, list, delete or verify a tag object signed with GPG\n\ncollaborate (see also: git help workflows)\n   fetch     Download objects and refs from another repository\n   pull      Fetch from and integrate with another repository or a local branch\n   push      Update remote refs along with associated objects\n\n'git help -a' and 'git help -g' list available subcommands and some\nconcept guides. See 'git help <command>' or 'git help <concept>'\nto read about a specific subcommand or concept.\nSee 'git help git' for an overview of the system.\n""
[0m11:16:26.125095 [debug] [MainThread]: STDERR: "b''"
[0m11:16:26.125095 [info ] [MainThread]:  - git [[32mOK found[0m]

[0m11:16:26.125095 [info ] [MainThread]: Connection test skipped since no profile was found
[0m11:16:26.125095 [info ] [MainThread]: [31m2 checks failed:[0m
[0m11:16:26.125095 [info ] [MainThread]: dbt looked for a profiles.yml file in C:\Users\nbensaid\.dbt\profiles.yml, but did
not find one. For more information on configuring your profile, consult the
documentation:

https://docs.getdbt.com/docs/configure-your-profile


[0m11:16:26.125095 [info ] [MainThread]: Project loading failed for the following reason:
 project path <C:\Users\nbensaid\workspace\modern_wh\dbt_project.yml> not found

[0m11:16:26.125095 [debug] [MainThread]: Command `dbt debug` failed at 11:16:26.125095 after 0.18 seconds
[0m11:16:26.125095 [debug] [MainThread]: Sending event: {'category': 'dbt', 'action': 'invocation', 'label': 'end', 'context': [<snowplow_tracker.self_describing_json.SelfDescribingJson object at 0x0000026A43E51550>, <snowplow_tracker.self_describing_json.SelfDescribingJson object at 0x0000026A43E28E00>, <snowplow_tracker.self_describing_json.SelfDescribingJson object at 0x0000026A43DF8CE0>]}
[0m11:16:26.125095 [debug] [MainThread]: Flushing usage events
[0m11:17:38.401025 [debug] [MainThread]: Sending event: {'category': 'dbt', 'action': 'invocation', 'label': 'start', 'context': [<snowplow_tracker.self_describing_json.SelfDescribingJson object at 0x0000024516FE6270>, <snowplow_tracker.self_describing_json.SelfDescribingJson object at 0x0000024516FE62D0>, <snowplow_tracker.self_describing_json.SelfDescribingJson object at 0x0000024516FE6480>]}


============================== 11:17:38.401025 | a3e7b7c8-cc7d-458a-ab67-19a377bc0034 ==============================
[0m11:17:38.401025 [info ] [MainThread]: Running with dbt=1.7.10
[0m11:17:38.401025 [debug] [MainThread]: running dbt with arguments {'printer_width': '80', 'indirect_selection': 'eager', 'write_json': 'True', 'log_cache_events': 'False', 'partial_parse': 'True', 'cache_selected_only': 'False', 'profiles_dir': 'C:\\Users\\nbensaid\\.dbt', 'debug': 'False', 'version_check': 'True', 'log_path': 'logs', 'fail_fast': 'False', 'warn_error': 'None', 'use_colors': 'True', 'use_experimental_parser': 'False', 'no_print': 'None', 'quiet': 'False', 'warn_error_options': 'WarnErrorOptions(include=[], exclude=[])', 'static_parser': 'True', 'introspect': 'True', 'invocation_command': 'dbt debug', 'target_path': 'None', 'log_format': 'default', 'send_anonymous_usage_stats': 'True'}
[0m11:17:38.401025 [info ] [MainThread]: dbt version: 1.7.10
[0m11:17:38.401025 [info ] [MainThread]: python version: 3.12.2
[0m11:17:38.401025 [info ] [MainThread]: python path: C:\Users\nbensaid\AppData\Local\Programs\Python\Python312\python.exe
[0m11:17:38.401025 [info ] [MainThread]: os info: Windows-10-10.0.19045-SP0
[0m11:17:38.401025 [info ] [MainThread]: Using profiles dir at C:\Users\nbensaid\.dbt
[0m11:17:38.401025 [info ] [MainThread]: Using profiles.yml file at C:\Users\nbensaid\.dbt\profiles.yml
[0m11:17:38.401025 [info ] [MainThread]: Using dbt_project.yml file at C:\Users\nbensaid\workspace\modern_wh\dbt_project.yml
[0m11:17:38.401025 [info ] [MainThread]: Configuration:
[0m11:17:38.401025 [info ] [MainThread]:   profiles.yml file [[31mERROR not found[0m]
[0m11:17:38.401025 [info ] [MainThread]:   dbt_project.yml file [[31mERROR not found[0m]
[0m11:17:38.412846 [info ] [MainThread]: Required dependencies:
[0m11:17:38.412846 [debug] [MainThread]: Executing "git --help"
[0m11:17:38.474661 [debug] [MainThread]: STDOUT: "b"usage: git [-v | --version] [-h | --help] [-C <path>] [-c <name>=<value>]\n           [--exec-path[=<path>]] [--html-path] [--man-path] [--info-path]\n           [-p | --paginate | -P | --no-pager] [--no-replace-objects] [--bare]\n           [--git-dir=<path>] [--work-tree=<path>] [--namespace=<name>]\n           [--config-env=<name>=<envvar>] <command> [<args>]\n\nThese are common Git commands used in various situations:\n\nstart a working area (see also: git help tutorial)\n   clone     Clone a repository into a new directory\n   init      Create an empty Git repository or reinitialize an existing one\n\nwork on the current change (see also: git help everyday)\n   add       Add file contents to the index\n   mv        Move or rename a file, a directory, or a symlink\n   restore   Restore working tree files\n   rm        Remove files from the working tree and from the index\n\nexamine the history and state (see also: git help revisions)\n   bisect    Use binary search to find the commit that introduced a bug\n   diff      Show changes between commits, commit and working tree, etc\n   grep      Print lines matching a pattern\n   log       Show commit logs\n   show      Show various types of objects\n   status    Show the working tree status\n\ngrow, mark and tweak your common history\n   branch    List, create, or delete branches\n   commit    Record changes to the repository\n   merge     Join two or more development histories together\n   rebase    Reapply commits on top of another base tip\n   reset     Reset current HEAD to the specified state\n   switch    Switch branches\n   tag       Create, list, delete or verify a tag object signed with GPG\n\ncollaborate (see also: git help workflows)\n   fetch     Download objects and refs from another repository\n   pull      Fetch from and integrate with another repository or a local branch\n   push      Update remote refs along with associated objects\n\n'git help -a' and 'git help -g' list available subcommands and some\nconcept guides. See 'git help <command>' or 'git help <concept>'\nto read about a specific subcommand or concept.\nSee 'git help git' for an overview of the system.\n""
[0m11:17:38.474661 [debug] [MainThread]: STDERR: "b''"
[0m11:17:38.474661 [info ] [MainThread]:  - git [[32mOK found[0m]

[0m11:17:38.474661 [info ] [MainThread]: Connection test skipped since no profile was found
[0m11:17:38.474661 [info ] [MainThread]: [31m2 checks failed:[0m
[0m11:17:38.474661 [info ] [MainThread]: dbt looked for a profiles.yml file in C:\Users\nbensaid\.dbt\profiles.yml, but did
not find one. For more information on configuring your profile, consult the
documentation:

https://docs.getdbt.com/docs/configure-your-profile


[0m11:17:38.474661 [info ] [MainThread]: Project loading failed for the following reason:
 project path <C:\Users\nbensaid\workspace\modern_wh\dbt_project.yml> not found

[0m11:17:38.489694 [debug] [MainThread]: Command `dbt debug` failed at 11:17:38.489694 after 0.19 seconds
[0m11:17:38.489694 [debug] [MainThread]: Sending event: {'category': 'dbt', 'action': 'invocation', 'label': 'end', 'context': [<snowplow_tracker.self_describing_json.SelfDescribingJson object at 0x0000024510D3B050>, <snowplow_tracker.self_describing_json.SelfDescribingJson object at 0x000002451454E0C0>, <snowplow_tracker.self_describing_json.SelfDescribingJson object at 0x0000024516EE6B40>]}
[0m11:17:38.490709 [debug] [MainThread]: Flushing usage events
[0m11:21:50.821852 [debug] [MainThread]: Sending event: {'category': 'dbt', 'action': 'invocation', 'label': 'start', 'context': [<snowplow_tracker.self_describing_json.SelfDescribingJson object at 0x0000026A13C06930>, <snowplow_tracker.self_describing_json.SelfDescribingJson object at 0x0000026A13C06960>, <snowplow_tracker.self_describing_json.SelfDescribingJson object at 0x0000026A13C06A20>]}


============================== 11:21:50.821852 | 8b81024b-d7d3-4f75-beab-d5150d4aa0a7 ==============================
[0m11:21:50.821852 [info ] [MainThread]: Running with dbt=1.7.11
[0m11:21:50.821852 [debug] [MainThread]: running dbt with arguments {'printer_width': '80', 'indirect_selection': 'eager', 'log_cache_events': 'False', 'write_json': 'True', 'partial_parse': 'True', 'cache_selected_only': 'False', 'profiles_dir': 'C:\\Users\\nbensaid\\.dbt', 'version_check': 'True', 'warn_error': 'None', 'log_path': 'logs', 'debug': 'False', 'fail_fast': 'False', 'use_colors': 'True', 'use_experimental_parser': 'False', 'no_print': 'None', 'quiet': 'False', 'warn_error_options': 'WarnErrorOptions(include=[], exclude=[])', 'introspect': 'True', 'log_format': 'default', 'invocation_command': 'dbt debug', 'target_path': 'None', 'static_parser': 'True', 'send_anonymous_usage_stats': 'True'}
[0m11:21:50.821852 [info ] [MainThread]: dbt version: 1.7.11
[0m11:21:50.821852 [info ] [MainThread]: python version: 3.12.2
[0m11:21:50.821852 [info ] [MainThread]: python path: C:\Users\nbensaid\workspace\modern_wh\dbt-env\Scripts\python.exe
[0m11:21:50.821852 [info ] [MainThread]: os info: Windows-10-10.0.19045-SP0
[0m11:21:50.821852 [info ] [MainThread]: Using profiles dir at C:\Users\nbensaid\.dbt
[0m11:21:50.821852 [info ] [MainThread]: Using profiles.yml file at C:\Users\nbensaid\.dbt\profiles.yml
[0m11:21:50.821852 [info ] [MainThread]: Using dbt_project.yml file at C:\Users\nbensaid\workspace\modern_wh\dbt_project.yml
[0m11:21:50.821852 [info ] [MainThread]: Configuration:
[0m11:21:50.821852 [info ] [MainThread]:   profiles.yml file [[31mERROR not found[0m]
[0m11:21:50.821852 [info ] [MainThread]:   dbt_project.yml file [[31mERROR not found[0m]
[0m11:21:50.821852 [info ] [MainThread]: Required dependencies:
[0m11:21:50.833902 [debug] [MainThread]: Executing "git --help"
[0m11:21:50.901938 [debug] [MainThread]: STDOUT: "b"usage: git [-v | --version] [-h | --help] [-C <path>] [-c <name>=<value>]\n           [--exec-path[=<path>]] [--html-path] [--man-path] [--info-path]\n           [-p | --paginate | -P | --no-pager] [--no-replace-objects] [--bare]\n           [--git-dir=<path>] [--work-tree=<path>] [--namespace=<name>]\n           [--config-env=<name>=<envvar>] <command> [<args>]\n\nThese are common Git commands used in various situations:\n\nstart a working area (see also: git help tutorial)\n   clone     Clone a repository into a new directory\n   init      Create an empty Git repository or reinitialize an existing one\n\nwork on the current change (see also: git help everyday)\n   add       Add file contents to the index\n   mv        Move or rename a file, a directory, or a symlink\n   restore   Restore working tree files\n   rm        Remove files from the working tree and from the index\n\nexamine the history and state (see also: git help revisions)\n   bisect    Use binary search to find the commit that introduced a bug\n   diff      Show changes between commits, commit and working tree, etc\n   grep      Print lines matching a pattern\n   log       Show commit logs\n   show      Show various types of objects\n   status    Show the working tree status\n\ngrow, mark and tweak your common history\n   branch    List, create, or delete branches\n   commit    Record changes to the repository\n   merge     Join two or more development histories together\n   rebase    Reapply commits on top of another base tip\n   reset     Reset current HEAD to the specified state\n   switch    Switch branches\n   tag       Create, list, delete or verify a tag object signed with GPG\n\ncollaborate (see also: git help workflows)\n   fetch     Download objects and refs from another repository\n   pull      Fetch from and integrate with another repository or a local branch\n   push      Update remote refs along with associated objects\n\n'git help -a' and 'git help -g' list available subcommands and some\nconcept guides. See 'git help <command>' or 'git help <concept>'\nto read about a specific subcommand or concept.\nSee 'git help git' for an overview of the system.\n""
[0m11:21:50.901938 [debug] [MainThread]: STDERR: "b''"
[0m11:21:50.901938 [info ] [MainThread]:  - git [[32mOK found[0m]

[0m11:21:50.901938 [info ] [MainThread]: Connection test skipped since no profile was found
[0m11:21:50.901938 [info ] [MainThread]: [31m2 checks failed:[0m
[0m11:21:50.901938 [info ] [MainThread]: dbt looked for a profiles.yml file in C:\Users\nbensaid\.dbt\profiles.yml, but did
not find one. For more information on configuring your profile, consult the
documentation:

https://docs.getdbt.com/docs/configure-your-profile


[0m11:21:50.901938 [info ] [MainThread]: Project loading failed for the following reason:
 project path <C:\Users\nbensaid\workspace\modern_wh\dbt_project.yml> not found

[0m11:21:50.901938 [debug] [MainThread]: Command `dbt debug` failed at 11:21:50.901938 after 0.18 seconds
[0m11:21:50.901938 [debug] [MainThread]: Sending event: {'category': 'dbt', 'action': 'invocation', 'label': 'end', 'context': [<snowplow_tracker.self_describing_json.SelfDescribingJson object at 0x0000026A1397FCB0>, <snowplow_tracker.self_describing_json.SelfDescribingJson object at 0x0000026A13B54710>, <snowplow_tracker.self_describing_json.SelfDescribingJson object at 0x0000026A139CEB40>]}
[0m11:21:50.901938 [debug] [MainThread]: Flushing usage events
